1621072441190|Global registry up and running!
1621072449355|Global registry accepted the 1th connection.
1621072449358|GlobalRegistry processing put fr.sorbonne_u.components.reflection.interfaces.ReflectionCI-7e5441dc-8939-4c05-855e-3fc40e7e2590 rmi=localhost
1621072449539|GlobalRegistry processing put gs-uri rmi=localhost
1621072449869|Global registry accepted the 2th connection.
1621072449871|GlobalRegistry processing put fr.sorbonne_u.components.reflection.interfaces.ReflectionCI-e881377e-b306-46a7-b1c6-a7dfa0e3039d rmi=localhost
1621072449904|Global registry accepted the 3th connection.
1621072449929|Global registry accepted the 4th connection.
1621072449929|All (4) connected!
1621072449939|GlobalRegistry processing put fr.sorbonne_u.components.reflection.interfaces.ReflectionCI-aa9c9ad3-ebb6-4c8e-92e4-a1f5f7c89517 rmi=localhost
1621072449940|GlobalRegistry processing put fr.sorbonne_u.components.reflection.interfaces.ReflectionCI-09cfa466-c645-4b8b-a3b0-390dc8167bef rmi=localhost
1621072450199|GlobalRegistry processing put bcm.node.terminal.interfaces.Node_TerminalCI-57260e37-141f-41fb-89de-31b06294b22b rmi=localhost
1621072450267|GlobalRegistry processing put bcm.connexion.interfaces.CommunicationCI-12ae72a5-a32f-4ae8-89d7-5af55a911be2 rmi=localhost
1621072450269|GlobalRegistry processing put bcm.node.routing.interfaces.Node_RoutingCI-e92b7555-19b5-491a-8017-f40c88def6b1 rmi=localhost
1621072450278|GlobalRegistry processing lookup gs-uri
1621072450328|GlobalRegistry processing put bcm.connexion.interfaces.CommunicationCI-8d1d3aa8-a0f1-456e-9402-d0c27ac1d1e9 rmi=localhost
1621072450399|GlobalRegistry processing put bcm.node.routing.interfaces.RoutingCI-2fd1b556-6754-41e6-84ba-76537d7b2ffe rmi=localhost
1621072450443|GlobalRegistry processing lookup gs-uri
1621072450451|GlobalRegistry processing put bcm.node.accesspoint.interfaces.Node_AccessPointCI-5ab59b3e-46b7-49a5-860b-93fdda4e2927 rmi=localhost
1621072450508|GlobalRegistry processing put bcm.connexion.interfaces.CommunicationCI-753c2cf6-9ff3-47a2-bcfe-32e388312e39 rmi=localhost
1621072450553|GlobalRegistry processing put bcm.node.routing.interfaces.RoutingCI-0f88430c-fba0-40a6-893b-c4aca3e9cf24 rmi=localhost
1621072450600|GlobalRegistry processing lookup gs-uri
1621072452355|GlobalRegistry processing put fr.sorbonne_u.components.reflection.interfaces.ReflectionCI-1dc7a468-a7a2-4245-b03c-4d62e83d9a98 rmi=localhost
1621072452437|GlobalRegistry processing put GestionnaireReseaujvm-dcc rmi=localhost
1621072453126|GlobalRegistry processing put fr.sorbonne_u.components.reflection.interfaces.ReflectionCI-528c1a49-52fb-4f09-bdfd-3825ca4bd211 rmi=localhost
1621072453162|GlobalRegistry processing put bcm.node.routing.interfaces.Node_RoutingCI-0d2d295d-2be9-472c-a292-607c0d51e0e2 rmi=localhost
1621072453219|GlobalRegistry processing put bcm.connexion.interfaces.CommunicationCI-375f7fa9-6f10-44bb-9d75-62c317e108a5 rmi=localhost
1621072453230|GlobalRegistry processing put bcm.node.routing.interfaces.RoutingCI-f3833352-5b32-4cda-b66c-e16790379440 rmi=localhost
1621072453231|GlobalRegistry processing lookup gs-uri
1621072453427|GlobalRegistry processing put fr.sorbonne_u.components.reflection.interfaces.ReflectionCI-e8167483-cb0a-4d75-b875-65a4521b9b1a rmi=localhost
1621072453489|GlobalRegistry processing put NodeTerminaljvm-dcc rmi=localhost
1621072453587|GlobalRegistry processing put fr.sorbonne_u.components.reflection.interfaces.ReflectionCI-9a64d441-685b-4acc-9738-357a23e9f849 rmi=localhost
1621072453594|GlobalRegistry processing put bcm.node.routing.interfaces.Node_RoutingCI-15742737-ee39-4101-b9ca-3c0c44f2f4e7 rmi=localhost
1621072453602|GlobalRegistry processing put bcm.connexion.interfaces.CommunicationCI-733631fa-78b1-4814-b26a-f95107e6fdc4 rmi=localhost
1621072453707|GlobalRegistry processing put bcm.node.routing.interfaces.RoutingCI-23d00c5b-2997-4558-91aa-b1a5a4865ec0 rmi=localhost
1621072453712|GlobalRegistry processing lookup gs-uri
1621072453837|GlobalRegistry processing put fr.sorbonne_u.components.reflection.interfaces.ReflectionCI-a427e9ff-2e3b-4f32-a417-79cfda64d245 rmi=localhost
1621072453971|GlobalRegistry processing put NodeRoutingjvm-dcc rmi=localhost
1621072454374|GlobalRegistry processing put fr.sorbonne_u.components.reflection.interfaces.ReflectionCI-f74e2234-3119-41d9-9cd2-25cad59ba3d4 rmi=localhost
1621072454453|GlobalRegistry processing put NodeAccessPointjvm-dcc rmi=localhost
1621072454951|GlobalRegistry processing put bcm.connexion.interfaces.CommunicationCI-418f2952-5ce9-43c8-bd16-1532bc69b12a rmi=localhost
1621072454958|GlobalRegistry processing lookup bcm.connexion.interfaces.CommunicationCI-12ae72a5-a32f-4ae8-89d7-5af55a911be2
1621072455159|GlobalRegistry processing put bcm.connexion.interfaces.CommunicationCI-8a81388c-25d9-4837-8dce-f8574dfbbfb2 rmi=localhost
1621072455211|GlobalRegistry processing lookup bcm.connexion.interfaces.CommunicationCI-753c2cf6-9ff3-47a2-bcfe-32e388312e39
1621072456690|GlobalRegistry processing put bcm.connexion.interfaces.CommunicationCI-3aa8e3d2-a32a-4e2b-8139-d2f577708a7e rmi=localhost
1621072456704|GlobalRegistry processing lookup bcm.connexion.interfaces.CommunicationCI-12ae72a5-a32f-4ae8-89d7-5af55a911be2
1621072456759|GlobalRegistry processing put bcm.connexion.interfaces.CommunicationCI-d5f9a874-d845-44b8-ad7b-4b8f6b1a396f rmi=localhost
1621072456822|GlobalRegistry processing put bcm.connexion.interfaces.CommunicationCI-666a1055-bcc3-4d48-b547-917fc0f71ca7 rmi=localhost
1621072456824|GlobalRegistry processing lookup bcm.connexion.interfaces.CommunicationCI-375f7fa9-6f10-44bb-9d75-62c317e108a5
1621072456830|GlobalRegistry processing put bcm.node.routing.interfaces.RoutingCI-743d5105-55e1-44bd-9b0d-2cb512a766b3 rmi=localhost
1621072456901|GlobalRegistry processing put bcm.connexion.interfaces.CommunicationCI-013f790f-ac78-4b81-82ee-461bea52d8ee rmi=localhost
1621072456955|GlobalRegistry processing put bcm.connexion.interfaces.CommunicationCI-c59197dd-86ee-4ff8-bec8-ec8bd8d35d7f rmi=localhost
1621072456957|GlobalRegistry processing put bcm.node.routing.interfaces.RoutingCI-8bfae6f3-8d16-445f-b8e2-b6e6029501b3 rmi=localhost
1621072456966|GlobalRegistry processing put bcm.node.routing.interfaces.RoutingCI-9f30cc46-216b-40f0-96e0-71180cd57111 rmi=localhost
1621072457023|GlobalRegistry processing put bcm.connexion.interfaces.CommunicationCI-726c2df9-dd5e-41f5-af4d-1b6b4a62c1d5 rmi=localhost
1621072457075|GlobalRegistry processing put bcm.node.routing.interfaces.RoutingCI-4c67f27e-6076-4876-a789-bf1500b77477 rmi=localhost
1621072457119|GlobalRegistry processing put bcm.connexion.interfaces.CommunicationCI-e0e3df3d-2c51-480d-8d5c-8f742b5a1ce8 rmi=localhost
1621072457121|GlobalRegistry processing lookup bcm.connexion.interfaces.CommunicationCI-12ae72a5-a32f-4ae8-89d7-5af55a911be2
1621072457159|GlobalRegistry processing put bcm.connexion.interfaces.CommunicationCI-20c1edd0-5561-4aa2-b6bb-ef8c309045a2 rmi=localhost
1621072457211|GlobalRegistry processing lookup bcm.connexion.interfaces.CommunicationCI-8d1d3aa8-a0f1-456e-9402-d0c27ac1d1e9
1621072457238|GlobalRegistry processing put bcm.connexion.interfaces.CommunicationCI-230e91ae-93c5-4fda-b9b8-6b320fb1b525 rmi=localhost
1621072457242|GlobalRegistry processing lookup bcm.connexion.interfaces.CommunicationCI-753c2cf6-9ff3-47a2-bcfe-32e388312e39
1621072457325|GlobalRegistry processing put bcm.node.routing.interfaces.RoutingCI-712358a4-06ea-4aaf-b9f3-1b9e2f6cda9f rmi=localhost
1621072457371|GlobalRegistry processing lookup bcm.node.routing.interfaces.RoutingCI-0f88430c-fba0-40a6-893b-c4aca3e9cf24
1621072457476|GlobalRegistry processing put bcm.connexion.interfaces.CommunicationCI-affe7229-e4e8-4166-a589-e13aaa51f229 rmi=localhost
1621072457543|GlobalRegistry processing put bcm.node.routing.interfaces.RoutingCI-783e3466-fbc6-4d8a-8ebd-89afa5c201fc rmi=localhost
1621072457555|GlobalRegistry processing lookup bcm.connexion.interfaces.CommunicationCI-8d1d3aa8-a0f1-456e-9402-d0c27ac1d1e9
1621072457583|GlobalRegistry processing lookup bcm.node.routing.interfaces.RoutingCI-2fd1b556-6754-41e6-84ba-76537d7b2ffe
1621072484657|GlobalRegistry processing remove fr.sorbonne_u.components.reflection.interfaces.ReflectionCI-aa9c9ad3-ebb6-4c8e-92e4-a1f5f7c89517
1621072484659|GlobalRegistry processing remove fr.sorbonne_u.components.reflection.interfaces.ReflectionCI-a427e9ff-2e3b-4f32-a417-79cfda64d245
1621072484662|GlobalRegistry processing remove fr.sorbonne_u.components.reflection.interfaces.ReflectionCI-9a64d441-685b-4acc-9738-357a23e9f849
1621072484670|GlobalRegistry processing remove fr.sorbonne_u.components.reflection.interfaces.ReflectionCI-e8167483-cb0a-4d75-b875-65a4521b9b1a
1621072484695|GlobalRegistry processing remove fr.sorbonne_u.components.reflection.interfaces.ReflectionCI-7e5441dc-8939-4c05-855e-3fc40e7e2590
1621072484697|GlobalRegistry processing remove fr.sorbonne_u.components.reflection.interfaces.ReflectionCI-1dc7a468-a7a2-4245-b03c-4d62e83d9a98
1621072484699|GlobalRegistry processing remove fr.sorbonne_u.components.reflection.interfaces.ReflectionCI-f74e2234-3119-41d9-9cd2-25cad59ba3d4
1621072484701|GlobalRegistry processing remove fr.sorbonne_u.components.reflection.interfaces.ReflectionCI-e881377e-b306-46a7-b1c6-a7dfa0e3039d
1621072484712|GlobalRegistry processing remove fr.sorbonne_u.components.reflection.interfaces.ReflectionCI-528c1a49-52fb-4f09-bdfd-3825ca4bd211
1621072484714|GlobalRegistry processing remove fr.sorbonne_u.components.reflection.interfaces.ReflectionCI-09cfa466-c645-4b8b-a3b0-390dc8167bef
1621072484717|GlobalRegistry processing remove gs-uri
1621072484718|GlobalRegistry processing remove NodeRoutingjvm-dcc
1621072484718|GlobalRegistry processing remove NodeAccessPointjvm-dcc
1621072484729|GlobalRegistry processing remove GestionnaireReseaujvm-dcc
1621072484803|GlobalRegistry processing remove NodeTerminaljvm-dcc
1621072484816|GlobalRegistry processing shutdown
1621072484825|GlobalRegistry processing shutdown
1621072484855|GlobalRegistry processing shutdown
1621072484859|GlobalRegistry processing shutdown
1621072484861|Global registry shuts down!
